{
  "RSpec": {
    "coverage": {
      "/Users/johnnapier/Turing/mod4/technical_challenges/tea_tracker/config/environment.rb": {
        "lines": [
          null,
          1,
          null,
          null,
          1
        ]
      },
      "/Users/johnnapier/Turing/mod4/technical_challenges/tea_tracker/config/application.rb": {
        "lines": [
          1,
          null,
          1,
          null,
          1,
          1,
          1,
          1,
          1,
          1,
          1,
          1,
          null,
          null,
          null,
          null,
          null,
          1,
          null,
          1,
          1,
          null,
          1,
          null,
          null,
          null,
          null,
          null,
          null,
          null,
          null,
          null,
          1,
          null,
          null
        ]
      },
      "/Users/johnnapier/Turing/mod4/technical_challenges/tea_tracker/config/boot.rb": {
        "lines": [
          1,
          null,
          1,
          1
        ]
      },
      "/Users/johnnapier/Turing/mod4/technical_challenges/tea_tracker/config/environments/test.rb": {
        "lines": [
          1,
          null,
          null,
          null,
          null,
          null,
          null,
          1,
          null,
          null,
          null,
          null,
          1,
          null,
          null,
          1,
          1,
          null,
          null,
          null,
          null,
          1,
          1,
          null,
          null,
          1,
          null,
          null,
          1,
          null,
          null,
          1,
          null,
          1,
          null,
          null,
          null,
          null,
          1,
          null,
          null,
          1,
          null,
          null,
          null,
          null
        ]
      },
      "/Users/johnnapier/Turing/mod4/technical_challenges/tea_tracker/config/initializers/application_controller_renderer.rb": {
        "lines": [
          null,
          null,
          null,
          null,
          null,
          null,
          null,
          null
        ]
      },
      "/Users/johnnapier/Turing/mod4/technical_challenges/tea_tracker/config/initializers/backtrace_silencers.rb": {
        "lines": [
          null,
          null,
          null,
          null,
          null,
          null,
          null
        ]
      },
      "/Users/johnnapier/Turing/mod4/technical_challenges/tea_tracker/config/initializers/cors.rb": {
        "lines": [
          null,
          null,
          null,
          null,
          null,
          null,
          null,
          null,
          null,
          null,
          null,
          null,
          null,
          null,
          null,
          null
        ]
      },
      "/Users/johnnapier/Turing/mod4/technical_challenges/tea_tracker/config/initializers/filter_parameter_logging.rb": {
        "lines": [
          null,
          null,
          null,
          1
        ]
      },
      "/Users/johnnapier/Turing/mod4/technical_challenges/tea_tracker/config/initializers/inflections.rb": {
        "lines": [
          null,
          null,
          null,
          null,
          null,
          null,
          null,
          null,
          null,
          null,
          null,
          null,
          null,
          null,
          null,
          null
        ]
      },
      "/Users/johnnapier/Turing/mod4/technical_challenges/tea_tracker/config/initializers/mime_types.rb": {
        "lines": [
          null,
          null,
          null,
          null
        ]
      },
      "/Users/johnnapier/Turing/mod4/technical_challenges/tea_tracker/config/initializers/wrap_parameters.rb": {
        "lines": [
          null,
          null,
          null,
          null,
          null,
          null,
          1,
          2,
          null,
          null,
          null,
          null,
          null,
          null
        ]
      },
      "/Users/johnnapier/Turing/mod4/technical_challenges/tea_tracker/spec/factories/customer_subscriptions.rb": {
        "lines": [
          1,
          1,
          1,
          1,
          null,
          null
        ]
      },
      "/Users/johnnapier/Turing/mod4/technical_challenges/tea_tracker/spec/factories/customers.rb": {
        "lines": [
          1,
          1,
          6,
          6,
          6,
          6,
          null,
          null
        ]
      },
      "/Users/johnnapier/Turing/mod4/technical_challenges/tea_tracker/spec/factories/subscriptions.rb": {
        "lines": [
          1,
          1,
          5,
          5,
          1,
          5,
          null,
          null
        ]
      },
      "/Users/johnnapier/Turing/mod4/technical_challenges/tea_tracker/spec/factories/tea.rb": {
        "lines": [
          1,
          1,
          1,
          3,
          3,
          3,
          3,
          null,
          null
        ]
      },
      "/Users/johnnapier/Turing/mod4/technical_challenges/tea_tracker/config/routes.rb": {
        "lines": [
          1,
          null,
          1,
          1,
          1,
          null,
          1,
          1,
          null,
          null,
          null
        ]
      },
      "/Users/johnnapier/Turing/mod4/technical_challenges/tea_tracker/app/models/customer.rb": {
        "lines": [
          1,
          1,
          null,
          null,
          null,
          null,
          1,
          null
        ]
      },
      "/Users/johnnapier/Turing/mod4/technical_challenges/tea_tracker/app/models/application_record.rb": {
        "lines": [
          1,
          1,
          null
        ]
      },
      "/Users/johnnapier/Turing/mod4/technical_challenges/tea_tracker/app/models/subscription.rb": {
        "lines": [
          1,
          1,
          null,
          null,
          null,
          null,
          1,
          null,
          1,
          null,
          null,
          null,
          null
        ]
      },
      "/Users/johnnapier/Turing/mod4/technical_challenges/tea_tracker/app/models/tea.rb": {
        "lines": [
          1,
          1,
          null,
          null,
          null,
          null,
          null,
          1,
          null
        ]
      },
      "/Users/johnnapier/Turing/mod4/technical_challenges/tea_tracker/app/controllers/api/v1/customer_subscriptions_controller.rb": {
        "lines": [
          1,
          1,
          1,
          null,
          null
        ]
      },
      "/Users/johnnapier/Turing/mod4/technical_challenges/tea_tracker/app/controllers/application_controller.rb": {
        "lines": [
          1,
          null
        ]
      },
      "/Users/johnnapier/Turing/mod4/technical_challenges/tea_tracker/app/serializers/subscription_serializer.rb": {
        "lines": [
          1,
          1,
          null,
          1,
          null,
          null,
          null,
          null
        ]
      },
      "/Users/johnnapier/Turing/mod4/technical_challenges/tea_tracker/app/controllers/api/v1/subscriptions_controller.rb": {
        "lines": [
          1,
          1,
          2,
          2,
          1,
          null,
          1,
          null,
          null,
          null,
          1,
          2,
          2,
          1,
          null,
          1,
          null,
          null,
          null,
          1,
          1,
          6,
          null,
          null
        ]
      }
    },
    "timestamp": 1649783558
  }
}
